[Mon, 20 Oct 14 20:30:39 -0500][INFO] SQLSTATE[HY000] [1045] Access denied for user 'root'@'localhost' (using password: NO)
[Mon, 20 Oct 14 20:30:39 -0500][INFO] #0 [internal function]: PDO->__construct('mysql:host=loca...', 'root', '', Array)
#1 [internal function]: Phalcon\Db\Adapter\Pdo->connect(Array)
#2 /opt/local/apache2/htdocs/invo/app/config/services.php(91): Phalcon\Db\Adapter\Pdo->__construct(Array)
#3 [internal function]: {closure}()
#4 [internal function]: call_user_func(Object(Closure))
#5 [internal function]: Phalcon\Di\Service->resolve(NULL, Object(Phalcon\Di\FactoryDefault))
#6 [internal function]: Phalcon\Di->get('db', NULL)
#7 [internal function]: Phalcon\Di->getShared('db')
#8 [internal function]: Phalcon\Mvc\Model\Manager->getReadConnection(Object(Users))
#9 [internal function]: Phalcon\Mvc\Model->getReadConnection()
#10 [internal function]: Phalcon\Mvc\Model\MetaData\Strategy\Introspection->getMetaData(Object(Users), Object(Phalcon\Di\FactoryDefault))
#11 [internal function]: Phalcon\Mvc\Model\MetaData->_initialize(Object(Users), 'users-users', 'users', '')
#12 [internal function]: Phalcon\Mvc\Model\MetaData->readMetaData(Object(Users))
#13 [internal function]: Phalcon\Mvc\Model\MetaData->hasAttribute(Object(Users), 'email')
#14 [internal function]: Phalcon\Mvc\Model\Query->_getQualified(Array)
#15 [internal function]: Phalcon\Mvc\Model\Query->_getExpression(Array, true)
#16 [internal function]: Phalcon\Mvc\Model\Query->_getExpression(Array, true)
#17 [internal function]: Phalcon\Mvc\Model\Query->_getExpression(Array, true)
#18 [internal function]: Phalcon\Mvc\Model\Query->_getExpression(Array, true)
#19 [internal function]: Phalcon\Mvc\Model\Query->_getExpression(Array, true)
#20 [internal function]: Phalcon\Mvc\Model\Query->_getExpression(Array, true)
#21 [internal function]: Phalcon\Mvc\Model\Query->_getExpression(Array)
#22 [internal function]: Phalcon\Mvc\Model\Query->_prepareSelect()
#23 [internal function]: Phalcon\Mvc\Model\Query->parse()
#24 [internal function]: Phalcon\Mvc\Model\Query->execute(Array, NULL)
#25 /opt/local/apache2/htdocs/invo/app/controllers/SessionController.php(51): Phalcon\Mvc\Model::findFirst(Array)
#26 [internal function]: SessionController->startAction()
#27 [internal function]: Phalcon\Dispatcher->dispatch()
#28 /opt/local/apache2/htdocs/invo/public/index.php(32): Phalcon\Mvc\Application->handle()
#29 {main}
